Tue, 02 Nov 2021 07:44:52 GMT | INFO | login.log | Invalid email_id Or Password..! | 
Tue, 02 Nov 2021 07:45:20 GMT | INFO | login.log | Invalid email_id Or Password..! | 
Tue, 02 Nov 2021 07:45:44 GMT | INFO | login.log | Invalid email_id Or Password..! | 
Tue, 02 Nov 2021 07:46:29 GMT | INFO | login.log | Invalid email_id Or Password..! | 
Thu, 23 Dec 2021 13:32:14 GMT | INFO | login.log | Invalid email_id Or Password..! | 
Thu, 23 Dec 2021 15:14:47 GMT | INFO | login.log | Invalid email_id Or Password..! | 
Thu, 23 Dec 2021 15:15:00 GMT | INFO | login.log | Invalid email_id Or Password..! | 
Thu, 23 Dec 2021 15:18:11 GMT | INFO | login.log | Invalid email_id Or Password..! | 
Sat, 25 Dec 2021 13:39:45 GMT | INFO | login.log | Invalid email_id Or Password..! | 
Sat, 25 Dec 2021 13:39:54 GMT | INFO | login.log | Invalid email_id Or Password..! | 
Sat, 25 Dec 2021 13:40:32 GMT | INFO | login.log | Invalid email_id Or Password..! | 
Sat, 25 Dec 2021 13:42:32 GMT | INFO | login.log | Invalid email_id Or Password..! | 
Sat, 25 Dec 2021 13:42:43 GMT | INFO | login.log | Invalid email_id Or Password..! | 
Sat, 25 Dec 2021 13:42:48 GMT | INFO | login.log | Invalid email_id Or Password..! | 
Tue, 04 Jan 2022 12:23:17 GMT | INFO | login.log | Invalid email_id Or Password..! | 
Tue, 04 Jan 2022 12:23:19 GMT | INFO | login.log | Invalid email_id Or Password..! | 
Tue, 04 Jan 2022 12:37:43 GMT | INFO | login.log | Invalid email_id Or Password..! | 
Fri, 28 Jan 2022 07:17:42 GMT | INFO | login.log | Invalid email_id Or Password..! | 
Fri, 28 Jan 2022 07:17:54 GMT | INFO | login.log | Invalid email_id Or Password..! | 
Fri, 28 Jan 2022 08:47:31 GMT | INFO | login.log | Invalid email_id Or Password..! | 
Fri, 28 Jan 2022 08:47:40 GMT | INFO | login.log | Invalid email_id Or Password..! | 
Fri, 28 Jan 2022 08:48:57 GMT | INFO | login.log | Invalid email_id Or Password..! | 
Fri, 28 Jan 2022 08:49:00 GMT | INFO | login.log | Invalid email_id Or Password..! | 
Fri, 28 Jan 2022 08:49:16 GMT | INFO | login.log | Invalid email_id Or Password..! | 
Fri, 28 Jan 2022 08:49:40 GMT | INFO | login.log | Invalid email_id Or Password..! | 
Fri, 28 Jan 2022 08:49:49 GMT | INFO | login.log | Invalid email_id Or Password..! | 
Sat, 29 Jan 2022 07:42:28 GMT | INFO | login.log | Invalid email_id Or Password..! | 
Sat, 29 Jan 2022 07:42:33 GMT | INFO | login.log | Invalid email_id Or Password..! | 
Sat, 29 Jan 2022 07:42:43 GMT | INFO | login.log | Invalid email_id Or Password..! | 
Sat, 29 Jan 2022 07:43:10 GMT | INFO | login.log | Invalid email_id Or Password..! | 
Sat, 29 Jan 2022 07:43:34 GMT | INFO | login.log | Invalid email_id Or Password..! | 
Sat, 29 Jan 2022 11:22:27 GMT | INFO | login.log | Invalid email_id Or Password..! | 
Sat, 29 Jan 2022 11:22:30 GMT | INFO | login.log | Invalid email_id Or Password..! | 
Sat, 29 Jan 2022 11:23:05 GMT | INFO | login.log | Invalid email_id Or Password..! | 
Sat, 29 Jan 2022 13:14:13 GMT | INFO | login.log | Invalid email_id Or Password..! | 
Sat, 29 Jan 2022 13:14:34 GMT | INFO | login.log | Invalid email_id Or Password..! | 
Sat, 29 Jan 2022 13:14:44 GMT | INFO | login.log | Invalid email_id Or Password..! | 
Sat, 29 Jan 2022 13:15:08 GMT | INFO | login.log | Invalid email_id Or Password..! | 
Sat, 29 Jan 2022 13:15:20 GMT | INFO | login.log | Invalid email_id Or Password..! | 
Sat, 29 Jan 2022 13:16:25 GMT | INFO | login.log | Invalid email_id Or Password..! | 
Sat, 29 Jan 2022 13:17:31 GMT | INFO | login.log | Invalid email_id Or Password..! | 
Sat, 29 Jan 2022 13:20:34 GMT | INFO | login.log | Invalid email_id Or Password..! | 
Sat, 29 Jan 2022 13:20:46 GMT | INFO | login.log | Invalid email_id Or Password..! | 
Mon, 31 Jan 2022 05:31:32 GMT | INFO | login.log | Invalid email_id Or Password..! | 
Mon, 31 Jan 2022 05:47:12 GMT | INFO | login.log | Invalid email_id Or Password..! | 
Mon, 31 Jan 2022 06:29:42 GMT | INFO | login.log | Invalid email_id Or Password..! | 
Mon, 31 Jan 2022 06:32:05 GMT | INFO | login.log | Invalid email_id Or Password..! | 
Mon, 31 Jan 2022 06:34:11 GMT | INFO | login.log | Invalid email_id Or Password..! | 
Mon, 31 Jan 2022 06:35:25 GMT | INFO | login.log | Invalid email_id Or Password..! | 
Mon, 31 Jan 2022 06:37:42 GMT | INFO | login.log | Invalid email_id Or Password..! | 
Thu, 17 Feb 2022 07:15:40 GMT | INFO | login.log | Invalid email_id Or Password..! | 
Thu, 17 Feb 2022 07:17:26 GMT | INFO | login.log | Invalid email_id Or Password..! | 
Thu, 17 Feb 2022 07:18:57 GMT | INFO | login.log | Invalid email_id Or Password..! | 
Mon, 21 Feb 2022 09:55:21 GMT | INFO | login.log | Invalid email_id Or Password..! | 
Mon, 21 Feb 2022 10:00:04 GMT | INFO | login.log | Invalid email_id Or Password..! | 
Tue, 22 Feb 2022 05:09:45 GMT | INFO | login.log | Invalid email_id Or Password..! | 
Tue, 22 Feb 2022 12:22:54 GMT | INFO | login.log | Invalid email_id Or Password..! | 
Tue, 22 Feb 2022 12:22:55 GMT | INFO | login.log | Invalid email_id Or Password..! | 
Tue, 22 Feb 2022 13:14:43 GMT | INFO | login.log | Invalid email_id Or Password..! | 
Tue, 22 Feb 2022 13:30:01 GMT | INFO | login.log | Invalid email_id Or Password..! | 
Wed, 23 Feb 2022 10:49:32 GMT | INFO | login.log | Invalid email_id Or Password..! | 
Wed, 23 Feb 2022 10:52:14 GMT | INFO | login.log | Invalid email_id Or Password..! | 
Thu, 24 Feb 2022 07:05:09 GMT | INFO | login.log | Invalid email_id Or Password..! | 
Thu, 24 Feb 2022 07:05:24 GMT | INFO | login.log | Invalid email_id Or Password..! | 
Thu, 24 Feb 2022 08:45:09 GMT | INFO | login.log | Invalid email_id Or Password..! | 
Thu, 24 Feb 2022 08:46:24 GMT | INFO | login.log | Invalid email_id Or Password..! | 
Thu, 24 Feb 2022 08:46:25 GMT | INFO | login.log | Invalid email_id Or Password..! | 
Thu, 24 Feb 2022 08:49:15 GMT | INFO | login.log | Invalid email_id Or Password..! | 
Thu, 24 Feb 2022 08:50:12 GMT | INFO | login.log | Invalid email_id Or Password..! | 
Thu, 24 Feb 2022 10:38:45 GMT | INFO | login.log | Invalid email_id Or Password..! | 
Thu, 24 Feb 2022 10:39:09 GMT | INFO | login.log | Invalid email_id Or Password..! | 
Thu, 24 Feb 2022 10:39:42 GMT | INFO | login.log | Invalid email_id Or Password..! | 
Thu, 24 Feb 2022 11:49:47 GMT | INFO | login.log | Invalid email_id Or Password..! | 
Thu, 24 Feb 2022 11:49:51 GMT | INFO | login.log | Invalid email_id Or Password..! | 
Thu, 24 Feb 2022 11:49:52 GMT | INFO | login.log | Invalid email_id Or Password..! | 
Fri, 25 Feb 2022 09:13:52 GMT | INFO | login.log | Invalid email_id Or Password..! | 
Fri, 25 Feb 2022 09:14:26 GMT | INFO | login.log | Invalid email_id Or Password..! | 
Fri, 25 Feb 2022 09:14:26 GMT | INFO | login.log | Invalid email_id Or Password..! | 
Fri, 25 Feb 2022 09:14:27 GMT | INFO | login.log | Invalid email_id Or Password..! | 
Fri, 25 Feb 2022 09:14:27 GMT | INFO | login.log | Invalid email_id Or Password..! | 
Fri, 25 Feb 2022 09:14:36 GMT | INFO | login.log | Invalid email_id Or Password..! | 
Fri, 25 Feb 2022 09:14:56 GMT | INFO | login.log | Invalid email_id Or Password..! | 
Fri, 25 Feb 2022 09:15:29 GMT | INFO | login.log | Invalid email_id Or Password..! | 
Fri, 25 Feb 2022 09:15:30 GMT | INFO | login.log | Invalid email_id Or Password..! | 
Fri, 25 Feb 2022 09:15:41 GMT | INFO | login.log | Invalid email_id Or Password..! | 
Fri, 25 Feb 2022 09:16:39 GMT | INFO | login.log | Invalid email_id Or Password..! | 
Fri, 25 Feb 2022 09:18:04 GMT | INFO | login.log | Invalid email_id Or Password..! | 
Sat, 26 Feb 2022 11:47:00 GMT | INFO | login.log | Invalid email_id Or Password..! | 
Mon, 28 Feb 2022 10:46:45 GMT | INFO | login.log | Invalid email_id Or Password..! | 
Wed, 02 Mar 2022 06:32:22 GMT | INFO | login.log | Account not found, Please register | 
Wed, 02 Mar 2022 08:45:55 GMT | INFO | login.log | Invalid email_id Or Password..! | 
Wed, 02 Mar 2022 12:23:31 GMT | INFO | login.log | Invalid email_id Or Password..! | 
Thu, 03 Mar 2022 06:37:47 GMT | INFO | login.log | Invalid email_id Or Password..! | 
Thu, 03 Mar 2022 06:38:09 GMT | INFO | login.log | Invalid email_id Or Password..! | 
Thu, 03 Mar 2022 06:43:15 GMT | INFO | login.log | Invalid email_id Or Password..! | 
Thu, 03 Mar 2022 06:43:35 GMT | INFO | login.log | Invalid email_id Or Password..! | 
Thu, 03 Mar 2022 09:30:18 GMT | INFO | login.log | Account not found, Please register | 
Thu, 03 Mar 2022 09:30:38 GMT | INFO | login.log | Account not found, Please register | 
Thu, 03 Mar 2022 12:08:04 GMT | INFO | login.log | Invalid mobile no/email_id Or Password..! | 
Thu, 03 Mar 2022 12:08:14 GMT | INFO | login.log | Invalid mobile no/email_id Or Password..! | 
Thu, 03 Mar 2022 12:08:36 GMT | INFO | login.log | Invalid mobile no/email_id Or Password..! | 
Thu, 03 Mar 2022 13:49:52 GMT | INFO | login.log | Invalid mobile no/email_id Or Password..! | 
Fri, 04 Mar 2022 04:19:57 GMT | INFO | login.log | Account not found, Please register | 
Fri, 04 Mar 2022 04:38:41 GMT | INFO | login.log | Account not found, Please register | 
Fri, 04 Mar 2022 04:38:47 GMT | INFO | login.log | Account not found, Please register | 
Fri, 04 Mar 2022 04:44:07 GMT | INFO | login.log | Account not found, Please register | 
Fri, 04 Mar 2022 04:44:10 GMT | INFO | login.log | Account not found, Please register | 
Fri, 04 Mar 2022 05:21:32 GMT | INFO | login.log | Account not found, Please register | 
Fri, 04 Mar 2022 05:22:10 GMT | INFO | login.log | Account not found, Please register | 
Fri, 04 Mar 2022 05:22:25 GMT | INFO | login.log | Account not found, Please register | 
Fri, 04 Mar 2022 05:26:09 GMT | INFO | login.log | Account not found, Please register | 
Fri, 04 Mar 2022 05:26:13 GMT | INFO | login.log | Account not found, Please register | 
Fri, 04 Mar 2022 05:26:17 GMT | INFO | login.log | Account not found, Please register | 
Fri, 04 Mar 2022 05:26:42 GMT | INFO | login.log | Account not found, Please register | 
Fri, 04 Mar 2022 05:35:09 GMT | INFO | login.log | Account not found, Please register | 
Fri, 04 Mar 2022 07:29:53 GMT | INFO | login.log | Account not found, Please register | 
Fri, 04 Mar 2022 07:30:13 GMT | INFO | login.log | Invalid mobile no/email_id Or Password..! | 
Fri, 04 Mar 2022 07:31:13 GMT | INFO | login.log | Invalid email_id Or Password..! | 
Fri, 04 Mar 2022 09:29:03 GMT | INFO | login.log | Invalid mobile no/email_id Or Password..! | 
Mon, 07 Mar 2022 07:42:59 GMT | INFO | login.log | Invalid mobile no/email_id Or Password..! | 
Mon, 07 Mar 2022 07:43:10 GMT | INFO | login.log | Invalid mobile no/email_id Or Password..! | 
Mon, 07 Mar 2022 11:26:05 GMT | INFO | login.log | Invalid email_id Or Password..! | 
Mon, 07 Mar 2022 11:26:10 GMT | INFO | login.log | Invalid email_id Or Password..! | 
Tue, 08 Mar 2022 08:41:58 GMT | INFO | login.log | Invalid mobile no/email_id Or Password..! | 
Tue, 08 Mar 2022 10:02:24 GMT | INFO | login.log | Account not found, Please register | 
Wed, 09 Mar 2022 12:08:21 GMT | INFO | login.log | Account not found, Please register | 
Wed, 09 Mar 2022 12:08:27 GMT | INFO | login.log | Account not found, Please register | 
Sat, 12 Mar 2022 07:51:56 GMT | INFO | login.log | Invalid email_id Or Password..! | 
Mon, 14 Mar 2022 05:02:47 GMT | INFO | login.log | Invalid mobile no/email_id Or Password..! | 
Tue, 15 Mar 2022 05:05:55 GMT | INFO | login.log | Invalid mobile no/email_id Or Password..! | 
Tue, 15 Mar 2022 06:27:58 GMT | INFO | login.log | Invalid mobile no/email_id Or Password..! | 
Tue, 15 Mar 2022 08:35:11 GMT | INFO | login.log | Invalid email_id Or Password..! | 
Tue, 15 Mar 2022 08:35:20 GMT | INFO | login.log | Invalid email_id Or Password..! | 
Tue, 15 Mar 2022 09:08:18 GMT | INFO | login.log | Invalid email_id Or Password..! | 
Tue, 15 Mar 2022 09:24:44 GMT | INFO | login.log | Invalid mobile no/email_id Or Password..! | 
Tue, 15 Mar 2022 09:28:54 GMT | INFO | login.log | Invalid mobile no/email_id Or Password..! | 
Tue, 15 Mar 2022 09:31:06 GMT | INFO | login.log | Invalid mobile no/email_id Or Password..! | 
Tue, 15 Mar 2022 09:32:53 GMT | INFO | login.log | Invalid mobile no/email_id Or Password..! | 
Tue, 15 Mar 2022 09:37:31 GMT | INFO | login.log | Invalid mobile no/email_id Or Password..! | 
Tue, 15 Mar 2022 09:37:55 GMT | INFO | login.log | Invalid email_id Or Password..! | 
Tue, 15 Mar 2022 10:10:05 GMT | INFO | login.log | Invalid email_id Or Password..! | 
Tue, 15 Mar 2022 12:28:52 GMT | INFO | login.log | Invalid mobile no/email_id Or Password..! | 
Tue, 15 Mar 2022 12:29:01 GMT | INFO | login.log | Invalid mobile no/email_id Or Password..! | 
Tue, 15 Mar 2022 12:32:35 GMT | INFO | login.log | Account not found, Please register | 
Wed, 16 Mar 2022 06:31:26 GMT | INFO | login.log | Account not found, Please register | 
Wed, 16 Mar 2022 08:26:23 GMT | INFO | login.log | Invalid email_id Or Password..! | 
Wed, 16 Mar 2022 08:52:55 GMT | INFO | login.log | Invalid email_id Or Password..! | 
Wed, 16 Mar 2022 10:34:54 GMT | INFO | login.log | Account not found, Please register | 
Thu, 17 Mar 2022 05:49:26 GMT | INFO | login.log | Account not found, Please register | 
Sat, 19 Mar 2022 05:59:57 GMT | INFO | login.log | Invalid email_id Or Password..! | 
Sat, 19 Mar 2022 06:00:41 GMT | INFO | login.log | Invalid email_id Or Password..! | 
Sat, 19 Mar 2022 06:00:49 GMT | INFO | login.log | Invalid email_id Or Password..! | 
Sat, 19 Mar 2022 06:00:50 GMT | INFO | login.log | Invalid email_id Or Password..! | 
Mon, 21 Mar 2022 04:55:38 GMT | INFO | login.log | Invalid email_id Or Password..! | 
Mon, 21 Mar 2022 08:25:12 GMT | INFO | login.log | Account not found ! | 
Tue, 22 Mar 2022 04:48:28 GMT | INFO | login.log | Invalid email_id Or Password..! | 
Tue, 22 Mar 2022 07:04:50 GMT | INFO | login.log | Invalid email_id Or Password..! | 
Tue, 22 Mar 2022 07:05:29 GMT | INFO | login.log | Invalid mobile no/email_id Or Password..! | 
Tue, 22 Mar 2022 07:06:34 GMT | INFO | login.log | Invalid mobile no/email_id Or Password..! | 
Tue, 22 Mar 2022 07:08:27 GMT | INFO | login.log | Invalid mobile no/email_id Or Password..! | 
Tue, 22 Mar 2022 07:11:38 GMT | INFO | login.log | Invalid mobile no/email_id Or Password..! | 
Tue, 22 Mar 2022 08:26:50 GMT | INFO | login.log | Invalid email_id Or Password..! | 
Tue, 22 Mar 2022 09:15:48 GMT | INFO | login.log | Account not found, Please register | 
Tue, 22 Mar 2022 09:16:31 GMT | INFO | login.log | Invalid mobile no/email_id Or Password..! | 
Tue, 22 Mar 2022 09:23:53 GMT | INFO | login.log | Invalid mobile no/email_id Or Password..! | 
Tue, 22 Mar 2022 09:28:54 GMT | INFO | login.log | Account not found, Please register | 
Tue, 22 Mar 2022 09:31:22 GMT | INFO | login.log | Account not found, Please register | 
Tue, 22 Mar 2022 09:31:37 GMT | INFO | login.log | Account not found, Please register | 
Tue, 22 Mar 2022 12:08:38 GMT | INFO | login.log | Invalid email_id ! | 
Tue, 22 Mar 2022 12:13:09 GMT | INFO | login.log | Invalid email_id ! | 
Tue, 22 Mar 2022 12:19:32 GMT | INFO | login.log | Account not found, Please register | 
Tue, 22 Mar 2022 12:21:27 GMT | INFO | login.log | Account not found, Please register | 
Tue, 22 Mar 2022 17:03:20 GMT | INFO | login.log | Invalid mobile no/email_id Or Password..! | 
Wed, 23 Mar 2022 05:15:15 GMT | INFO | login.log | Invalid mobile no/email_id Or Password..! | 
Wed, 23 Mar 2022 05:15:27 GMT | INFO | login.log | Account not found, Please register | 
Fri, 25 Mar 2022 05:04:18 GMT | INFO | login.log | Invalid email_id Or Password..! | 
Fri, 25 Mar 2022 05:04:27 GMT | INFO | login.log | Invalid email_id Or Password..! | 
Sat, 26 Mar 2022 05:33:49 GMT | INFO | login.log | Invalid email_id Or Password..! | 
Mon, 28 Mar 2022 05:17:24 GMT | INFO | login.log | Invalid email_id Or Password..! | 
Mon, 28 Mar 2022 05:24:20 GMT | INFO | login.log | Invalid email_id Or Password..! | 
Mon, 28 Mar 2022 06:45:51 GMT | INFO | login.log | Invalid mobile no/email_id Or Password..! | 
Mon, 28 Mar 2022 06:46:00 GMT | INFO | login.log | Invalid mobile no/email_id Or Password..! | 
Tue, 29 Mar 2022 08:56:43 GMT | INFO | login.log | Invalid email_id Or Password..! | 
Tue, 29 Mar 2022 11:28:17 GMT | INFO | login.log | Invalid mobile no/email_id Or Password..! | 
Thu, 31 Mar 2022 05:25:49 GMT | INFO | login.log | Invalid email_id Or Password..! | 
Fri, 01 Apr 2022 07:35:30 GMT | INFO | login.log | Invalid email_id Or Password..! | 
Fri, 01 Apr 2022 07:35:37 GMT | INFO | login.log | Invalid email_id Or Password..! | 
Mon, 04 Apr 2022 05:39:22 GMT | INFO | login.log | Invalid email_id Or Password..! | 
Mon, 04 Apr 2022 06:46:34 GMT | INFO | login.log | Invalid email_id Or Password..! | 
Mon, 04 Apr 2022 09:22:07 GMT | INFO | login.log | Invalid email_id Or Password..! | 
Tue, 05 Apr 2022 09:07:16 GMT | INFO | login.log | Account not found, Please register | 
Tue, 05 Apr 2022 09:08:19 GMT | INFO | login.log | Account not found, Please register | 
Tue, 05 Apr 2022 09:09:16 GMT | INFO | login.log | Account not found, Please register | 
Tue, 05 Apr 2022 09:10:44 GMT | INFO | login.log | Account not found, Please register | 
Tue, 05 Apr 2022 09:11:43 GMT | INFO | login.log | Account not found, Please register | 
Tue, 05 Apr 2022 09:12:08 GMT | INFO | login.log | Invalid mobile no/email_id Or Password..! | 
Tue, 05 Apr 2022 09:12:17 GMT | INFO | login.log | Invalid mobile no/email_id Or Password..! | 
Tue, 05 Apr 2022 09:12:57 GMT | INFO | login.log | Account not found, Please register | 
Tue, 05 Apr 2022 09:13:52 GMT | INFO | login.log | Account not found, Please register | 
Tue, 05 Apr 2022 09:14:53 GMT | INFO | login.log | Account not found, Please register | 
Tue, 05 Apr 2022 09:17:37 GMT | INFO | login.log | Account not found, Please register | 
Fri, 08 Apr 2022 10:20:00 GMT | INFO | login.log | Account not found, Please register | 
Sat, 09 Apr 2022 05:05:42 GMT | INFO | login.log | Invalid email_id Or Password..! | 
Mon, 11 Apr 2022 06:46:25 GMT | INFO | login.log | Invalid email_id Or Password..! | 
Mon, 11 Apr 2022 12:43:11 GMT | INFO | login.log | Account not found, Please register | 
Wed, 27 Apr 2022 04:36:42 GMT | INFO | login.log | Invalid email_id Or Password..! | 
Wed, 27 Apr 2022 04:36:43 GMT | INFO | login.log | Invalid email_id Or Password..! | 
Fri, 29 Apr 2022 09:34:11 GMT | INFO | login.log | Invalid mobile no/email_id Or Password..! | 
Fri, 29 Apr 2022 09:35:20 GMT | INFO | login.log | Invalid mobile no/email_id Or Password..! | 
Fri, 29 Apr 2022 12:06:37 GMT | INFO | login.log | Invalid mobile no/email_id Or Password..! | 
Mon, 02 May 2022 09:53:41 GMT | INFO | login.log | Invalid email_id Or Password..! | 
Mon, 02 May 2022 10:13:58 GMT | INFO | login.log | Invalid email_id Or Password..! | 
Wed, 04 May 2022 05:14:35 GMT | INFO | login.log | Invalid email_id Or Password..! | 
Wed, 04 May 2022 05:24:27 GMT | INFO | login.log | Account not found, Please register | 
Wed, 04 May 2022 09:58:14 GMT | INFO | login.log | Invalid email_id Or Password..! | 
Fri, 06 May 2022 05:00:20 GMT | INFO | login.log | Invalid email_id Or Password..! | 
Fri, 06 May 2022 15:50:36 GMT | INFO | login.log | Account not found, Please register | 
Fri, 06 May 2022 15:50:37 GMT | INFO | login.log | Account not found, Please register | 
Fri, 06 May 2022 15:50:48 GMT | INFO | login.log | Account not found, Please register | 
Mon, 09 May 2022 04:32:52 GMT | INFO | login.log | Account not found, Please register | 
Mon, 09 May 2022 04:33:04 GMT | INFO | login.log | Account not found, Please register | 
Sat, 14 May 2022 13:19:34 GMT | INFO | login.log | Account not found, Please register | 
Sat, 14 May 2022 13:19:52 GMT | INFO | login.log | Invalid mobile no/email_id Or Password..! | 
Sat, 14 May 2022 13:58:22 GMT | INFO | login.log | Account not found, Please register | 
Tue, 17 May 2022 11:15:45 GMT | INFO | login.log | Account not found, Please register | 
Mon, 30 May 2022 08:17:30 GMT | INFO | login.log | Invalid mobile no/email_id Or Password..! | 
Mon, 30 May 2022 08:38:28 GMT | INFO | login.log | Invalid email_id Or Password..! | 
Tue, 31 May 2022 13:11:58 GMT | INFO | login.log | Account not found, Please register | 
Tue, 31 May 2022 14:03:59 GMT | INFO | login.log | Invalid mobile no/email_id Or Password..! | 
Tue, 31 May 2022 14:04:23 GMT | INFO | login.log | Invalid mobile no/email_id Or Password..! | 
Tue, 31 May 2022 14:04:30 GMT | INFO | login.log | Invalid mobile no/email_id Or Password..! | 
Tue, 31 May 2022 14:04:59 GMT | INFO | login.log | Invalid mobile no/email_id Or Password..! | 
Wed, 01 Jun 2022 10:06:57 GMT | INFO | login.log | Account not found, Please register | 
Wed, 01 Jun 2022 18:56:08 GMT | INFO | login.log | Invalid email_id Or Password..! | 
Wed, 01 Jun 2022 18:56:16 GMT | INFO | login.log | Invalid email_id Or Password..! | 
Thu, 02 Jun 2022 07:55:35 GMT | INFO | login.log | Invalid email_id Or Password..! | 
Thu, 02 Jun 2022 09:09:09 GMT | INFO | login.log | Invalid mobile no/email_id Or Password..! | 
Thu, 02 Jun 2022 09:09:25 GMT | INFO | login.log | Invalid mobile no/email_id Or Password..! | 
Thu, 02 Jun 2022 12:44:59 GMT | INFO | login.log | Account not found, Please register | 
Fri, 03 Jun 2022 06:01:09 GMT | INFO | login.log | Invalid email_id Or Password..! | 
Fri, 03 Jun 2022 06:01:51 GMT | INFO | login.log | Invalid email_id Or Password..! | 
Wed, 08 Jun 2022 05:36:27 GMT | INFO | login.log | Invalid email_id Or Password..! | 
Wed, 08 Jun 2022 05:40:54 GMT | INFO | login.log | Invalid mobile no/email_id Or Password..! | 
Wed, 08 Jun 2022 05:41:19 GMT | INFO | login.log | Invalid mobile no/email_id Or Password..! | 
Wed, 08 Jun 2022 05:42:52 GMT | INFO | login.log | Invalid email_id Or Password..! | 
Thu, 09 Jun 2022 06:53:38 GMT | INFO | login.log | Account not found, Please register | 
Thu, 09 Jun 2022 08:14:21 GMT | INFO | login.log | Invalid email_id Or Password..! | 
Fri, 10 Jun 2022 05:04:46 GMT | INFO | login.log | Account not found, Please register | 
Fri, 10 Jun 2022 06:31:51 GMT | INFO | login.log | Account not found, Please register | 
Fri, 10 Jun 2022 06:38:29 GMT | INFO | login.log | Invalid mobile no/email_id Or Password..! | 
Fri, 10 Jun 2022 06:38:46 GMT | INFO | login.log | Account not found, Please register | 
Fri, 10 Jun 2022 06:56:02 GMT | INFO | login.log | Account not found, Please register | 
Fri, 10 Jun 2022 07:16:13 GMT | INFO | login.log | Account not found, Please register | 
Fri, 10 Jun 2022 07:29:39 GMT | INFO | login.log | Account not found, Please register | 
Fri, 10 Jun 2022 07:33:58 GMT | INFO | login.log | Account not found, Please register | 
Sat, 11 Jun 2022 06:53:42 GMT | INFO | login.log | Invalid mobile no/email_id Or Password..! | 
Sat, 11 Jun 2022 11:04:38 GMT | INFO | login.log | Account not found, Please register | 
Sat, 11 Jun 2022 11:05:42 GMT | INFO | login.log | Invalid mobile no/email_id Or Password..! | 
Sat, 11 Jun 2022 11:05:54 GMT | INFO | login.log | Invalid mobile no/email_id Or Password..! | 
Sat, 11 Jun 2022 11:24:37 GMT | INFO | login.log | Invalid mobile no/email_id Or Password..! | 
Sat, 11 Jun 2022 11:25:01 GMT | INFO | login.log | Account not found, Please register | 
Sat, 11 Jun 2022 11:25:13 GMT | INFO | login.log | Account not found, Please register | 
Sat, 11 Jun 2022 11:25:34 GMT | INFO | login.log | Account not found, Please register | 
Sat, 11 Jun 2022 11:25:50 GMT | INFO | login.log | Account not found, Please register | 
Sat, 11 Jun 2022 11:26:05 GMT | INFO | login.log | Invalid mobile no/email_id Or Password..! | 
Mon, 13 Jun 2022 17:53:20 GMT | INFO | login.log | Account not found, Please register | 
Mon, 13 Jun 2022 17:53:20 GMT | INFO | login.log | Account not found, Please register | 
Mon, 13 Jun 2022 17:53:20 GMT | INFO | login.log | Account not found, Please register | 
Mon, 13 Jun 2022 17:53:20 GMT | INFO | login.log | Account not found, Please register | 
Mon, 13 Jun 2022 17:53:20 GMT | INFO | login.log | Account not found, Please register | 
Mon, 13 Jun 2022 17:53:21 GMT | INFO | login.log | Account not found, Please register | 
Mon, 13 Jun 2022 17:53:21 GMT | INFO | login.log | Account not found, Please register | 
Mon, 13 Jun 2022 17:53:21 GMT | INFO | login.log | Account not found, Please register | 
Mon, 13 Jun 2022 17:53:21 GMT | INFO | login.log | Account not found, Please register | 
Mon, 13 Jun 2022 17:53:21 GMT | INFO | login.log | Account not found, Please register | 
Mon, 13 Jun 2022 17:53:22 GMT | INFO | login.log | Account not found, Please register | 
Mon, 13 Jun 2022 17:53:22 GMT | INFO | login.log | Account not found, Please register | 
Mon, 13 Jun 2022 17:53:22 GMT | INFO | login.log | Account not found, Please register | 
Mon, 13 Jun 2022 17:54:02 GMT | INFO | login.log | Account not found, Please register | 
Mon, 13 Jun 2022 17:54:07 GMT | INFO | login.log | Account not found, Please register | 
Mon, 13 Jun 2022 17:54:16 GMT | INFO | login.log | Account not found, Please register | 
Wed, 15 Jun 2022 05:09:28 GMT | INFO | login.log | Account not found, Please register | 
Wed, 15 Jun 2022 05:09:38 GMT | INFO | login.log | Invalid mobile no/email_id Or Password..! | 
Tue, 21 Jun 2022 06:50:29 GMT | INFO | login.log | Invalid mobile no/email_id Or Password..! | 
Tue, 21 Jun 2022 11:50:01 GMT | INFO | login.log | Account not found, Please register | 
Tue, 21 Jun 2022 11:50:05 GMT | INFO | login.log | Account not found, Please register | 
Tue, 21 Jun 2022 11:50:15 GMT | INFO | login.log | Account not found, Please register | 
Tue, 21 Jun 2022 11:50:50 GMT | INFO | login.log | Account not found, Please register | 
Tue, 21 Jun 2022 11:50:50 GMT | INFO | login.log | Account not found, Please register | 
Tue, 21 Jun 2022 12:10:36 GMT | INFO | login.log | Invalid email_id Or Password..! | 
Wed, 22 Jun 2022 05:11:08 GMT | INFO | login.log | Invalid mobile no/email_id Or Password..! | 
Wed, 22 Jun 2022 05:11:10 GMT | INFO | login.log | Invalid mobile no/email_id Or Password..! | 
Thu, 23 Jun 2022 10:28:42 GMT | INFO | login.log | Invalid mobile no/email_id Or Password..! | 
Tue, 28 Jun 2022 07:43:56 GMT | INFO | login.log | Account not found, Please register | 
Tue, 28 Jun 2022 07:44:00 GMT | INFO | login.log | Account not found, Please register | 
Tue, 28 Jun 2022 07:53:49 GMT | INFO | login.log | Invalid mobile no/email_id Or Password..! | 
Tue, 28 Jun 2022 07:54:07 GMT | INFO | login.log | Invalid mobile no/email_id Or Password..! | 
Wed, 29 Jun 2022 10:30:50 GMT | INFO | login.log | Invalid email_id Or Password..! | 
Wed, 29 Jun 2022 10:30:55 GMT | INFO | login.log | Invalid email_id Or Password..! | 
Thu, 30 Jun 2022 05:50:07 GMT | INFO | login.log | Account not found, Please register | 
Thu, 30 Jun 2022 11:54:41 GMT | INFO | login.log | Account not found, Please register | 
Tue, 05 Jul 2022 10:38:52 GMT | INFO | login.log | Account not found, Please register | 
Tue, 05 Jul 2022 10:39:54 GMT | INFO | login.log | Invalid mobile no/email_id Or Password..! | 
Tue, 05 Jul 2022 10:40:06 GMT | INFO | login.log | Invalid mobile no/email_id Or Password..! | 
Tue, 05 Jul 2022 11:26:44 GMT | INFO | login.log | Invalid mobile no/email_id Or Password..! | 
Wed, 13 Jul 2022 10:22:24 GMT | INFO | login.log | Account not found, Please register | 
Wed, 13 Jul 2022 10:22:42 GMT | INFO | login.log | Invalid mobile no/email_id Or Password..! | 
Wed, 13 Jul 2022 10:23:15 GMT | INFO | login.log | Invalid mobile no/email_id Or Password..! | 
Fri, 15 Jul 2022 13:23:10 GMT | INFO | login.log | Account not found, Please register | 
Fri, 15 Jul 2022 13:26:38 GMT | INFO | login.log | Account not found, Please register | 
Fri, 15 Jul 2022 13:26:44 GMT | INFO | login.log | Account not found, Please register | 
Thu, 21 Jul 2022 05:07:47 GMT | INFO | login.log | Account not found, Please register | 
Thu, 21 Jul 2022 05:08:59 GMT | INFO | login.log | Account not found, Please register | 
Thu, 21 Jul 2022 05:10:27 GMT | INFO | login.log | Account not found, Please register | 
Thu, 21 Jul 2022 05:13:06 GMT | INFO | login.log | Account not found, Please register | 
Thu, 21 Jul 2022 05:14:14 GMT | INFO | login.log | Account not found, Please register | 
Thu, 21 Jul 2022 05:14:22 GMT | INFO | login.log | Account not found, Please register | 
Thu, 21 Jul 2022 05:14:28 GMT | INFO | login.log | Account not found, Please register | 
Thu, 21 Jul 2022 05:14:43 GMT | INFO | login.log | Invalid mobile no/email_id Or Password..! | 
Fri, 22 Jul 2022 06:54:22 GMT | INFO | login.log | Invalid mobile no/email_id Or Password..! | 
Fri, 22 Jul 2022 06:54:35 GMT | INFO | login.log | Invalid mobile no/email_id Or Password..! | 
Sat, 23 Jul 2022 06:56:05 GMT | INFO | login.log | Account not found, Please register | 
Fri, 29 Jul 2022 05:42:26 GMT | INFO | login.log | Account not found, Please register | 
Fri, 29 Jul 2022 13:26:36 GMT | INFO | login.log | Account not found, Please register | 
Fri, 29 Jul 2022 13:27:25 GMT | INFO | login.log | Account not found, Please register | 
Fri, 29 Jul 2022 13:27:38 GMT | INFO | login.log | Account not found, Please register | 
Fri, 29 Jul 2022 13:27:47 GMT | INFO | login.log | Invalid mobile no/email_id Or Password..! | 
Fri, 29 Jul 2022 13:28:08 GMT | INFO | login.log | Account not found, Please register | 
Fri, 29 Jul 2022 13:36:58 GMT | INFO | login.log | Account not found, Please register | 
Fri, 29 Jul 2022 13:52:02 GMT | INFO | login.log | Account not found, Please register | 
Fri, 29 Jul 2022 13:52:10 GMT | INFO | login.log | Account not found, Please register | 
Fri, 29 Jul 2022 13:52:36 GMT | INFO | login.log | Account not found, Please register | 
Fri, 29 Jul 2022 13:55:13 GMT | INFO | login.log | Account not found, Please register | 
Fri, 29 Jul 2022 16:58:56 GMT | INFO | login.log | Invalid mobile no/email_id Or Password..! | 
Sun, 31 Jul 2022 01:43:16 GMT | INFO | login.log | Account not found, Please register | 
Sun, 31 Jul 2022 01:43:23 GMT | INFO | login.log | Account not found, Please register | 
Sun, 31 Jul 2022 01:43:28 GMT | INFO | login.log | Account not found, Please register | 
Mon, 01 Aug 2022 06:17:38 GMT | INFO | login.log | Account not found, Please register | 
Mon, 01 Aug 2022 06:20:59 GMT | INFO | login.log | Invalid mobile no/email_id Or Password..! | 
Mon, 01 Aug 2022 06:21:09 GMT | INFO | login.log | Invalid mobile no/email_id Or Password..! | 
Mon, 01 Aug 2022 06:21:38 GMT | INFO | login.log | Account not found, Please register | 
Mon, 01 Aug 2022 06:21:46 GMT | INFO | login.log | Invalid mobile no/email_id Or Password..! | 
Mon, 01 Aug 2022 06:22:00 GMT | INFO | login.log | Invalid mobile no/email_id Or Password..! | 
Mon, 01 Aug 2022 06:23:37 GMT | INFO | login.log | Invalid mobile no/email_id Or Password..! | 
Mon, 01 Aug 2022 06:34:15 GMT | INFO | login.log | Account not found, Please register | 
Mon, 01 Aug 2022 06:36:18 GMT | INFO | login.log | Account not found, Please register | 
Mon, 01 Aug 2022 06:36:23 GMT | INFO | login.log | Account not found, Please register | 
Mon, 01 Aug 2022 06:37:36 GMT | INFO | login.log | Invalid mobile no/email_id Or Password..! | 
Mon, 01 Aug 2022 06:37:46 GMT | INFO | login.log | Invalid mobile no/email_id Or Password..! | 
Mon, 01 Aug 2022 06:40:27 GMT | INFO | login.log | Invalid mobile no/email_id Or Password..! | 
Tue, 02 Aug 2022 06:35:45 GMT | INFO | login.log | Account not found, Please register | 
Tue, 02 Aug 2022 06:35:50 GMT | INFO | login.log | Account not found, Please register | 
Tue, 02 Aug 2022 06:36:21 GMT | INFO | login.log | Account not found, Please register | 
Tue, 02 Aug 2022 06:36:35 GMT | INFO | login.log | Account not found, Please register | 
Tue, 02 Aug 2022 06:37:22 GMT | INFO | login.log | Account not found, Please register | 
Tue, 02 Aug 2022 06:38:10 GMT | INFO | login.log | Account not found, Please register | 
Tue, 02 Aug 2022 13:36:01 GMT | INFO | login.log | Invalid email_id Or Password..! | 
Tue, 02 Aug 2022 13:36:08 GMT | INFO | login.log | Invalid email_id Or Password..! | 
Tue, 02 Aug 2022 13:36:14 GMT | INFO | login.log | Invalid email_id Or Password..! | 
Wed, 03 Aug 2022 09:37:53 GMT | INFO | login.log | Invalid mobile no/email_id Or Password..! | 
Wed, 03 Aug 2022 09:38:24 GMT | INFO | login.log | Invalid mobile no/email_id Or Password..! | 
Wed, 03 Aug 2022 10:39:35 GMT | INFO | login.log | Invalid mobile no/email_id Or Password..! | 
Wed, 03 Aug 2022 10:39:54 GMT | INFO | login.log | Invalid mobile no/email_id Or Password..! | 
Thu, 04 Aug 2022 08:03:44 GMT | INFO | login.log | Invalid mobile no/email_id Or Password..! | 
Thu, 04 Aug 2022 08:14:21 GMT | INFO | login.log | Invalid mobile no/email_id Or Password..! | 
Thu, 04 Aug 2022 08:15:13 GMT | INFO | login.log | Invalid mobile no/email_id Or Password..! | 
Thu, 04 Aug 2022 08:15:17 GMT | INFO | login.log | Invalid mobile no/email_id Or Password..! | 
Fri, 05 Aug 2022 12:06:53 GMT | INFO | login.log | Account not found, Please register | 
Mon, 08 Aug 2022 04:49:09 GMT | INFO | login.log | Invalid mobile no/email_id Or Password..! | 
Mon, 08 Aug 2022 04:51:22 GMT | INFO | login.log | Invalid mobile no/email_id Or Password..! | 
Mon, 08 Aug 2022 13:38:23 GMT | INFO | login.log | Account not found, Please register | 
Mon, 08 Aug 2022 14:14:58 GMT | INFO | login.log | Account not found, Please register | 
Mon, 08 Aug 2022 14:15:04 GMT | INFO | login.log | Invalid mobile no/email_id Or Password..! | 
Mon, 08 Aug 2022 14:15:12 GMT | INFO | login.log | Account not found, Please register | 
Fri, 12 Aug 2022 05:40:31 GMT | INFO | login.log | Invalid mobile no/email_id Or Password..! | 
Fri, 12 Aug 2022 07:48:19 GMT | INFO | login.log | Invalid email_id Or Password..! | 
Fri, 12 Aug 2022 12:33:12 GMT | INFO | login.log | Invalid mobile no/email_id Or Password..! | 
Tue, 16 Aug 2022 05:03:36 GMT | INFO | login.log | Account not found, Please register | 
Tue, 16 Aug 2022 07:37:04 GMT | INFO | login.log | Account not found, Please register | 
Wed, 17 Aug 2022 05:17:50 GMT | INFO | login.log | Account not found, Please register | 
Wed, 17 Aug 2022 05:17:54 GMT | INFO | login.log | Account not found, Please register | 
Wed, 17 Aug 2022 05:18:02 GMT | INFO | login.log | Account not found, Please register | 
Wed, 17 Aug 2022 05:18:17 GMT | INFO | login.log | Account not found, Please register | 
Wed, 17 Aug 2022 05:18:32 GMT | INFO | login.log | Account not found, Please register | 
Wed, 17 Aug 2022 05:18:39 GMT | INFO | login.log | Account not found, Please register | 
Wed, 17 Aug 2022 05:18:45 GMT | INFO | login.log | Account not found, Please register | 
Wed, 17 Aug 2022 09:49:25 GMT | INFO | login.log | Invalid mobile no/email_id Or Password..! | 
Wed, 17 Aug 2022 09:49:29 GMT | INFO | login.log | Invalid mobile no/email_id Or Password..! | 
Thu, 18 Aug 2022 06:23:25 GMT | INFO | login.log | Account not found, Please register | 
Thu, 18 Aug 2022 06:23:30 GMT | INFO | login.log | Account not found, Please register | 
Thu, 18 Aug 2022 06:23:47 GMT | INFO | login.log | Invalid mobile no/email_id Or Password..! | 
Thu, 18 Aug 2022 06:23:51 GMT | INFO | login.log | Invalid mobile no/email_id Or Password..! | 
Mon, 05 Sep 2022 06:42:52 GMT | INFO | login.log | Invalid mobile no/email_id Or Password..! | 
Thu, 08 Sep 2022 06:17:01 GMT | INFO | login.log | Invalid mobile no/email_id Or Password..! | 
Thu, 08 Sep 2022 06:19:06 GMT | INFO | login.log | Invalid mobile no/email_id Or Password..! | 
Fri, 09 Sep 2022 07:05:13 GMT | INFO | login.log | Invalid mobile no/email_id Or Password..! | 
Fri, 09 Sep 2022 07:07:05 GMT | INFO | login.log | Account not found, Please register | 
Fri, 09 Sep 2022 07:07:12 GMT | INFO | login.log | Invalid mobile no/email_id Or Password..! | 
Fri, 09 Sep 2022 07:07:15 GMT | INFO | login.log | Invalid mobile no/email_id Or Password..! | 
Fri, 09 Sep 2022 07:07:18 GMT | INFO | login.log | Invalid mobile no/email_id Or Password..! | 
Fri, 09 Sep 2022 07:07:22 GMT | INFO | login.log | Invalid mobile no/email_id Or Password..! | 
Sat, 10 Sep 2022 04:34:06 GMT | INFO | login.log | Account not found, Please register | 
Sat, 10 Sep 2022 04:34:14 GMT | INFO | login.log | Account not found, Please register | 
Sat, 10 Sep 2022 04:34:19 GMT | INFO | login.log | Invalid mobile no/email_id Or Password..! | 
Tue, 13 Sep 2022 08:59:21 GMT | INFO | login.log | Invalid mobile no/email_id Or Password..! | 
Tue, 13 Sep 2022 13:50:31 GMT | INFO | login.log | Invalid mobile no/email_id Or Password..! | 
Fri, 16 Sep 2022 05:03:01 GMT | INFO | login.log | Invalid mobile no/email_id Or Password..! | 
Fri, 16 Sep 2022 09:16:00 GMT | INFO | login.log | Invalid mobile no/email_id Or Password..! | 
Mon, 19 Sep 2022 15:44:21 GMT | INFO | login.log | Invalid email_id Or Password..! | 
Mon, 19 Sep 2022 15:44:27 GMT | INFO | login.log | Invalid email_id Or Password..! | 
Mon, 19 Sep 2022 15:44:42 GMT | INFO | login.log | Invalid email_id Or Password..! | 
Tue, 27 Sep 2022 12:51:40 GMT | INFO | login.log | Invalid mobile no/email_id Or Password..! | 
Wed, 28 Sep 2022 07:38:34 GMT | INFO | login.log | Invalid mobile no/email_id Or Password..! | 
Wed, 28 Sep 2022 15:32:48 GMT | INFO | login.log | Invalid email_id Or Password..! | 
Wed, 28 Sep 2022 15:32:50 GMT | INFO | login.log | Invalid email_id Or Password..! | 
Mon, 10 Oct 2022 23:45:17 GMT | INFO | login.log | Account not found, Please register | 
Mon, 10 Oct 2022 23:45:43 GMT | INFO | login.log | Account not found, Please register | 
Mon, 10 Oct 2022 23:45:47 GMT | INFO | login.log | Account not found, Please register | 
Thu, 03 Nov 2022 07:08:55 GMT | INFO | login.log | Invalid mobile no/email_id Or Password..! | 
Thu, 03 Nov 2022 07:09:04 GMT | INFO | login.log | Invalid mobile no/email_id Or Password..! | 
Mon, 07 Nov 2022 05:02:08 GMT | INFO | login.log | Invalid mobile no/email_id Or Password..! | 
Mon, 07 Nov 2022 05:02:16 GMT | INFO | login.log | Invalid mobile no/email_id Or Password..! | 
Mon, 07 Nov 2022 05:32:41 GMT | INFO | login.log | Invalid mobile no/email_id Or Password..! | 
Mon, 07 Nov 2022 05:32:52 GMT | INFO | login.log | Invalid mobile no/email_id Or Password..! | 
Wed, 09 Nov 2022 05:40:04 GMT | INFO | login.log | Account not found, Please register | 
Thu, 17 Nov 2022 09:31:44 GMT | INFO | login.log | Account not found, Please register | 
Thu, 17 Nov 2022 09:32:05 GMT | INFO | login.log | Account not found, Please register | 
Thu, 17 Nov 2022 09:32:05 GMT | INFO | login.log | Account not found, Please register | 
Fri, 18 Nov 2022 10:23:44 GMT | INFO | login.log | Invalid mobile no/email_id Or Password..! | 
Tue, 03 Jan 2023 10:29:16 GMT | INFO | login.log | Invalid mobile no/email_id Or Password..! | 
Tue, 03 Jan 2023 10:30:37 GMT | INFO | login.log | Account not found, Please register | 
Tue, 03 Jan 2023 10:31:54 GMT | INFO | login.log | Invalid mobile no/email_id Or Password..! | 
Wed, 01 Feb 2023 19:32:50 GMT | INFO | login.log | Account not found, Please register | 
Wed, 01 Feb 2023 19:46:41 GMT | INFO | login.log | Account not found, Please register | 
Sat, 13 May 2023 06:09:17 GMT | INFO | login.log | Invalid mobile no/email_id Or Password..! | 
Sat, 13 May 2023 06:11:06 GMT | INFO | login.log | Invalid mobile no/email_id Or Password..! | 
Sat, 13 May 2023 06:11:22 GMT | INFO | login.log | Invalid mobile no/email_id Or Password..! | 
Sat, 13 May 2023 06:14:40 GMT | INFO | login.log | Invalid mobile no/email_id Or Password..! | 
Sat, 13 May 2023 06:17:21 GMT | INFO | login.log | Invalid mobile no/email_id Or Password..! | 
Sat, 13 May 2023 06:18:25 GMT | INFO | login.log | Invalid mobile no/email_id Or Password..! | 
Sat, 13 May 2023 09:20:42 GMT | INFO | login.log | Invalid email_id Or Password..! | 
Sat, 13 May 2023 09:57:03 GMT | INFO | login.log | Invalid email_id Or Password..! | 
Sat, 13 May 2023 09:57:14 GMT | INFO | login.log | Invalid email_id Or Password..! | 
Sat, 13 May 2023 10:00:37 GMT | INFO | login.log | Invalid email_id Or Password..! | 
Sat, 13 May 2023 10:00:38 GMT | INFO | login.log | Invalid email_id Or Password..! | 
Sat, 13 May 2023 10:00:38 GMT | INFO | login.log | Invalid email_id Or Password..! | 
Sat, 13 May 2023 10:00:38 GMT | INFO | login.log | Invalid email_id Or Password..! | 
Sat, 13 May 2023 12:26:51 GMT | INFO | login.log | Invalid mobile no/email_id Or Password..! | 
Sat, 13 May 2023 12:28:49 GMT | INFO | login.log | Invalid mobile no/email_id Or Password..! | 
Mon, 15 May 2023 06:15:49 GMT | INFO | login.log | Account not found, Please register | 
Mon, 15 May 2023 06:17:18 GMT | INFO | login.log | Invalid mobile no/email_id Or Password..! | 
Mon, 15 May 2023 09:53:30 GMT | INFO | login.log | Invalid mobile no/email_id Or Password..! | 
Mon, 15 May 2023 13:12:54 GMT | INFO | login.log | Invalid mobile no/email_id Or Password..! | 
Mon, 15 May 2023 13:13:49 GMT | INFO | login.log | Invalid mobile no/email_id Or Password..! | 
Mon, 15 May 2023 13:14:16 GMT | INFO | login.log | Invalid mobile no/email_id Or Password..! | 
Mon, 15 May 2023 13:14:42 GMT | INFO | login.log | Invalid mobile no/email_id Or Password..! | 
Tue, 16 May 2023 09:33:49 GMT | INFO | login.log | Invalid email_id Or Password..! | 
Tue, 16 May 2023 10:55:05 GMT | INFO | login.log | Invalid mobile no/email_id Or Password..! | 
Wed, 17 May 2023 11:53:59 GMT | INFO | login.log | Invalid email_id Or Password..! | 
Fri, 19 May 2023 04:57:53 GMT | INFO | login.log | Invalid email_id Or Password..! | 
Fri, 19 May 2023 07:46:53 GMT | INFO | login.log | Invalid email_id Or Password..! | 
Fri, 19 May 2023 07:54:54 GMT | INFO | login.log | Account not found, Please register | 
Fri, 19 May 2023 07:56:34 GMT | INFO | login.log | Account not found, Please register | 
Fri, 19 May 2023 07:59:49 GMT | INFO | login.log | Account not found, Please register | 
Fri, 19 May 2023 08:00:59 GMT | INFO | login.log | Account not found, Please register | 
Fri, 19 May 2023 09:21:14 GMT | INFO | login.log | Account not found, Please register | 
Fri, 19 May 2023 12:14:33 GMT | INFO | login.log | Invalid email_id Or Password..! | 
Fri, 19 May 2023 12:16:25 GMT | INFO | login.log | Invalid email_id Or Password..! | 
Fri, 19 May 2023 12:16:27 GMT | INFO | login.log | Invalid email_id Or Password..! | 
Fri, 19 May 2023 12:16:28 GMT | INFO | login.log | Invalid email_id Or Password..! | 
Fri, 19 May 2023 12:21:41 GMT | INFO | login.log | Invalid email_id Or Password..! | 
Mon, 22 May 2023 13:30:28 GMT | INFO | login.log | Invalid mobile no/email_id Or Password..! | 
Tue, 23 May 2023 04:29:07 GMT | INFO | login.log | Invalid email_id Or Password..! | 
Tue, 23 May 2023 04:30:44 GMT | INFO | login.log | Invalid email_id Or Password..! | 
Tue, 23 May 2023 07:31:59 GMT | INFO | login.log | Invalid mobile no/email_id Or Password..! | 
Wed, 24 May 2023 05:21:48 GMT | INFO | login.log | Invalid email_id Or Password..! | 
Wed, 24 May 2023 05:34:15 GMT | INFO | login.log | Account not found, Please register | 
Wed, 24 May 2023 05:34:42 GMT | INFO | login.log | Account not found, Please register | 
Wed, 24 May 2023 05:35:00 GMT | INFO | login.log | Account not found, Please register | 
Wed, 24 May 2023 05:35:46 GMT | INFO | login.log | Account not found, Please register | 
Wed, 24 May 2023 05:50:39 GMT | INFO | login.log | Invalid email_id Or Password..! | 
Wed, 24 May 2023 07:39:52 GMT | INFO | login.log | Invalid mobile no/email_id Or Password..! | 
Thu, 25 May 2023 04:49:05 GMT | INFO | login.log | Invalid email_id Or Password..! | 
Thu, 25 May 2023 12:05:48 GMT | INFO | login.log | Invalid email_id Or Password..! | 
Thu, 25 May 2023 12:25:00 GMT | INFO | login.log | Invalid email_id Or Password..! | 
Thu, 25 May 2023 12:31:22 GMT | INFO | login.log | Invalid email_id Or Password..! | 
Mon, 29 May 2023 13:00:20 GMT | INFO | login.log | Invalid mobile no/email_id Or Password..! | 
Tue, 30 May 2023 12:36:01 GMT | INFO | login.log | Invalid mobile no/email_id Or Password..! | 
Tue, 30 May 2023 12:36:40 GMT | INFO | login.log | Invalid mobile no/email_id Or Password..! | 
Tue, 30 May 2023 12:37:11 GMT | INFO | login.log | Account not found, Please register | 
Wed, 31 May 2023 11:55:55 GMT | INFO | login.log | Account not found, Please register | 
Wed, 31 May 2023 11:56:02 GMT | INFO | login.log | Account not found, Please register | 
Wed, 31 May 2023 12:04:43 GMT | INFO | login.log | Account not found, Please register | 
Thu, 01 Jun 2023 10:17:37 GMT | INFO | login.log | Invalid mobile no/email_id Or Password..! | 
Thu, 01 Jun 2023 10:17:44 GMT | INFO | login.log | Account not found, Please register | 
Thu, 01 Jun 2023 10:59:56 GMT | INFO | login.log | Invalid mobile no/email_id Or Password..! | 
Thu, 01 Jun 2023 11:04:34 GMT | INFO | login.log | Invalid email_id Or Password..! | 
Thu, 01 Jun 2023 11:04:48 GMT | INFO | login.log | Invalid mobile no/email_id Or Password..! | 
Thu, 01 Jun 2023 11:05:06 GMT | INFO | login.log | Account not found, Please register | 
Thu, 01 Jun 2023 11:05:31 GMT | INFO | login.log | Invalid mobile no/email_id Or Password..! | 
Thu, 01 Jun 2023 11:07:06 GMT | INFO | login.log | Invalid mobile no/email_id Or Password..! | 
Fri, 02 Jun 2023 09:55:32 GMT | INFO | login.log | Account not found, Please register | 
Fri, 02 Jun 2023 10:08:48 GMT | INFO | login.log | Account not found, Please register | 
Fri, 02 Jun 2023 10:11:33 GMT | INFO | login.log | Invalid mobile no/email_id Or Password..! | 
Fri, 02 Jun 2023 10:40:17 GMT | INFO | login.log | Account not found, Please register | 
Fri, 02 Jun 2023 10:40:42 GMT | INFO | login.log | Invalid mobile no/email_id Or Password..! | 
Fri, 02 Jun 2023 12:58:53 GMT | INFO | login.log | Invalid email_id Or Password..! | 
Tue, 06 Jun 2023 04:28:58 GMT | INFO | login.log | Invalid email_id Or Password..! | 
Tue, 06 Jun 2023 06:07:14 GMT | INFO | login.log | Invalid mobile no/email_id Or Password..! | 
Tue, 06 Jun 2023 12:48:26 GMT | INFO | login.log | Invalid email_id Or Password..! | 
Wed, 07 Jun 2023 04:48:12 GMT | INFO | login.log | Invalid mobile no/email_id Or Password..! | 
Wed, 07 Jun 2023 04:48:40 GMT | INFO | login.log | Invalid mobile no/email_id Or Password..! | 
Wed, 07 Jun 2023 10:57:26 GMT | INFO | login.log | Account not found, Please register | 
Wed, 07 Jun 2023 10:57:50 GMT | INFO | login.log | Account not found, Please register | 
Wed, 07 Jun 2023 11:03:10 GMT | INFO | login.log | Invalid mobile no/email_id Or Password..! | 
Wed, 07 Jun 2023 11:03:14 GMT | INFO | login.log | Invalid mobile no/email_id Or Password..! | 
Wed, 07 Jun 2023 11:03:23 GMT | INFO | login.log | Invalid mobile no/email_id Or Password..! | 
Wed, 07 Jun 2023 11:30:51 GMT | INFO | login.log | Account not found, Please register | 
Wed, 07 Jun 2023 11:33:14 GMT | INFO | login.log | Account not found, Please register | 
Wed, 07 Jun 2023 11:41:34 GMT | INFO | login.log | Invalid mobile no/email_id Or Password..! | 
Wed, 07 Jun 2023 13:09:44 GMT | INFO | login.log | Invalid mobile no/email_id Or Password..! | 
Wed, 07 Jun 2023 13:16:24 GMT | INFO | login.log | Invalid mobile no/email_id Or Password..! | 
Wed, 07 Jun 2023 13:16:34 GMT | INFO | login.log | Invalid mobile no/email_id Or Password..! | 
Wed, 07 Jun 2023 13:20:21 GMT | INFO | login.log | Account not found, Please register | 
Wed, 07 Jun 2023 13:20:28 GMT | INFO | login.log | Account not found, Please register | 
Thu, 08 Jun 2023 06:38:37 GMT | INFO | login.log | Invalid email_id Or Password..! | 
Thu, 08 Jun 2023 12:08:07 GMT | INFO | login.log | Invalid mobile no/email_id Or Password..! | 
Fri, 09 Jun 2023 04:27:22 GMT | INFO | login.log | Invalid mobile no/email_id Or Password..! | 
Fri, 09 Jun 2023 04:28:15 GMT | INFO | login.log | Invalid mobile no/email_id Or Password..! | 
Fri, 09 Jun 2023 04:28:31 GMT | INFO | login.log | Invalid mobile no/email_id Or Password..! | 
Fri, 09 Jun 2023 04:28:47 GMT | INFO | login.log | Invalid mobile no/email_id Or Password..! | 
Fri, 09 Jun 2023 04:30:00 GMT | INFO | login.log | Invalid mobile no/email_id Or Password..! | 
Fri, 09 Jun 2023 04:31:03 GMT | INFO | login.log | Account not found, Please register | 
Fri, 09 Jun 2023 05:19:08 GMT | INFO | login.log | Invalid mobile no/email_id Or Password..! | 
Fri, 09 Jun 2023 05:21:27 GMT | INFO | login.log | Invalid email_id Or Password..! | 
Fri, 09 Jun 2023 05:33:08 GMT | INFO | login.log | Invalid mobile no/email_id Or Password..! | 
Fri, 09 Jun 2023 05:33:29 GMT | INFO | login.log | Invalid mobile no/email_id Or Password..! | 
Fri, 09 Jun 2023 05:33:29 GMT | INFO | login.log | Invalid mobile no/email_id Or Password..! | 
Fri, 09 Jun 2023 05:35:33 GMT | INFO | login.log | Invalid mobile no/email_id Or Password..! | 
Fri, 09 Jun 2023 05:36:00 GMT | INFO | login.log | Invalid mobile no/email_id Or Password..! | 
Fri, 09 Jun 2023 05:36:17 GMT | INFO | login.log | Invalid mobile no/email_id Or Password..! | 
Fri, 09 Jun 2023 09:46:48 GMT | INFO | login.log | Invalid mobile no/email_id Or Password..! | 
Fri, 09 Jun 2023 09:46:58 GMT | INFO | login.log | Invalid mobile no/email_id Or Password..! | 
Fri, 09 Jun 2023 09:47:07 GMT | INFO | login.log | Invalid mobile no/email_id Or Password..! | 
Fri, 09 Jun 2023 09:50:23 GMT | INFO | login.log | Invalid mobile no/email_id Or Password..! | 
Sat, 10 Jun 2023 05:06:06 GMT | INFO | login.log | Invalid mobile no/email_id Or Password..! | 
Sat, 10 Jun 2023 20:24:54 GMT | INFO | login.log | Account not found, Please register | 
Mon, 12 Jun 2023 05:55:52 GMT | INFO | login.log | Invalid mobile no/email_id Or Password..! | 
Mon, 12 Jun 2023 06:07:50 GMT | INFO | login.log | Invalid email_id Or Password..! | 
Mon, 12 Jun 2023 06:23:05 GMT | INFO | login.log | Invalid email_id Or Password..! | 
Tue, 13 Jun 2023 10:58:27 GMT | INFO | login.log | Invalid mobile no/email_id Or Password..! | 
Tue, 13 Jun 2023 10:58:36 GMT | INFO | login.log | Invalid mobile no/email_id Or Password..! | 
Tue, 13 Jun 2023 10:58:51 GMT | INFO | login.log | Invalid mobile no/email_id Or Password..! | 
Tue, 13 Jun 2023 11:10:00 GMT | INFO | login.log | Invalid mobile no/email_id Or Password..! | 
Tue, 13 Jun 2023 11:11:09 GMT | INFO | login.log | Invalid mobile no/email_id Or Password..! | 
Tue, 13 Jun 2023 11:11:41 GMT | INFO | login.log | Invalid mobile no/email_id Or Password..! | 
Wed, 14 Jun 2023 07:15:04 GMT | INFO | login.log | Invalid mobile no/email_id Or Password..! | 
Wed, 14 Jun 2023 09:23:03 GMT | INFO | login.log | Invalid mobile no/email_id Or Password..! | 
Thu, 15 Jun 2023 07:05:01 GMT | INFO | login.log | Invalid mobile no/email_id Or Password..! | 
Fri, 16 Jun 2023 10:45:55 GMT | INFO | login.log | Invalid mobile no/email_id Or Password..! | 
Fri, 16 Jun 2023 10:55:38 GMT | INFO | login.log | Invalid email_id Or Password..! | 
Tue, 20 Jun 2023 07:53:28 GMT | INFO | login.log | Invalid email_id Or Password..! | 
Tue, 20 Jun 2023 07:53:31 GMT | INFO | login.log | Invalid email_id Or Password..! | 
Tue, 20 Jun 2023 07:53:38 GMT | INFO | login.log | Invalid email_id Or Password..! | 
Tue, 20 Jun 2023 07:54:00 GMT | INFO | login.log | Invalid email_id Or Password..! | 
Tue, 20 Jun 2023 07:54:57 GMT | INFO | login.log | Invalid email_id Or Password..! | 
Tue, 20 Jun 2023 07:55:01 GMT | INFO | login.log | Invalid email_id Or Password..! | 
Tue, 20 Jun 2023 07:55:06 GMT | INFO | login.log | Invalid email_id Or Password..! | 
Tue, 20 Jun 2023 07:55:08 GMT | INFO | login.log | Invalid email_id Or Password..! | 
Tue, 20 Jun 2023 07:55:54 GMT | INFO | login.log | Invalid email_id Or Password..! | 
Tue, 20 Jun 2023 07:56:59 GMT | INFO | login.log | Invalid email_id Or Password..! | 
Tue, 20 Jun 2023 07:56:59 GMT | INFO | login.log | Invalid email_id Or Password..! | 
Tue, 20 Jun 2023 07:56:59 GMT | INFO | login.log | Invalid email_id Or Password..! | 
Tue, 20 Jun 2023 07:56:59 GMT | INFO | login.log | Invalid email_id Or Password..! | 
Tue, 20 Jun 2023 07:56:59 GMT | INFO | login.log | Invalid email_id Or Password..! | 
Tue, 20 Jun 2023 07:57:59 GMT | INFO | login.log | Invalid email_id Or Password..! | 
Tue, 20 Jun 2023 07:59:24 GMT | INFO | login.log | Invalid email_id Or Password..! | 
Tue, 20 Jun 2023 07:59:43 GMT | INFO | login.log | Invalid email_id Or Password..! | 
Tue, 20 Jun 2023 08:01:08 GMT | INFO | login.log | Invalid email_id Or Password..! | 
Tue, 20 Jun 2023 08:01:50 GMT | INFO | login.log | Invalid email_id Or Password..! | 
Tue, 20 Jun 2023 09:08:10 GMT | INFO | login.log | Invalid email_id Or Password..! | 
Tue, 20 Jun 2023 09:08:25 GMT | INFO | login.log | Invalid email_id Or Password..! | 
Tue, 20 Jun 2023 09:10:51 GMT | INFO | login.log | Invalid email_id Or Password..! | 
Tue, 20 Jun 2023 09:11:30 GMT | INFO | login.log | Invalid email_id Or Password..! | 
Tue, 20 Jun 2023 10:39:46 GMT | INFO | login.log | Invalid email_id Or Password..! | 
Tue, 20 Jun 2023 10:39:46 GMT | INFO | login.log | Invalid email_id Or Password..! | 
Tue, 20 Jun 2023 10:39:47 GMT | INFO | login.log | Invalid email_id Or Password..! | 
Tue, 20 Jun 2023 11:54:00 GMT | INFO | login.log | Invalid email_id Or Password..! | 
Wed, 21 Jun 2023 06:14:05 GMT | INFO | login.log | Invalid mobile no/email_id Or Password..! | 
Mon, 26 Jun 2023 11:12:41 GMT | INFO | login.log | Invalid mobile no/email_id Or Password..! | 
Mon, 26 Jun 2023 11:17:21 GMT | INFO | login.log | Account not found, Please register | 
Mon, 26 Jun 2023 11:53:22 GMT | INFO | login.log | Account not found, Please register | 
Mon, 26 Jun 2023 13:03:30 GMT | INFO | login.log | Invalid mobile no/email_id Or Password..! | 
Mon, 26 Jun 2023 13:03:45 GMT | INFO | login.log | Invalid mobile no/email_id Or Password..! | 
Wed, 28 Jun 2023 11:42:34 GMT | INFO | login.log | Invalid mobile no/email_id Or Password..! | 
Wed, 28 Jun 2023 12:11:53 GMT | INFO | login.log | Invalid mobile no/email_id Or Password..! | 
Wed, 28 Jun 2023 12:12:32 GMT | INFO | login.log | Invalid mobile no/email_id Or Password..! | 
Wed, 28 Jun 2023 12:19:27 GMT | INFO | login.log | Invalid mobile no/email_id Or Password..! | 
Fri, 30 Jun 2023 11:32:19 GMT | INFO | login.log | Invalid mobile no/email_id Or Password..! | 
Fri, 30 Jun 2023 12:37:39 GMT | INFO | login.log | Account not found, Please register | 
Mon, 10 Jul 2023 07:08:56 GMT | INFO | login.log | Account not found, Please register | 
Sat, 15 Jul 2023 20:03:41 GMT | INFO | login.log | Account not found, Please register | 
Sat, 15 Jul 2023 20:09:10 GMT | INFO | login.log | Invalid mobile no/email_id Or Password..! | 
Wed, 26 Jul 2023 05:15:46 GMT | INFO | login.log | Account not found, Please register | 
Wed, 26 Jul 2023 05:16:00 GMT | INFO | login.log | Invalid mobile no/email_id Or Password..! | 
Wed, 26 Jul 2023 05:16:07 GMT | INFO | login.log | Invalid mobile no/email_id Or Password..! | 
Wed, 26 Jul 2023 05:16:11 GMT | INFO | login.log | Invalid mobile no/email_id Or Password..! | 
Wed, 26 Jul 2023 05:16:34 GMT | INFO | login.log | Account not found, Please register | 
Wed, 26 Jul 2023 05:19:44 GMT | INFO | login.log | Account not found, Please register | 
Wed, 26 Jul 2023 05:20:01 GMT | INFO | login.log | Invalid mobile no/email_id Or Password..! | 
Wed, 26 Jul 2023 07:44:47 GMT | INFO | login.log | Account not found, Please register | 
Thu, 27 Jul 2023 05:38:34 GMT | INFO | login.log | Invalid mobile no/email_id Or Password..! | 
Thu, 27 Jul 2023 05:39:46 GMT | INFO | login.log | Account not found, Please register | 
Thu, 27 Jul 2023 09:10:24 GMT | INFO | login.log | Invalid mobile no/email_id Or Password..! | 
Thu, 27 Jul 2023 09:25:17 GMT | INFO | login.log | Invalid mobile no/email_id Or Password..! | 
Thu, 27 Jul 2023 09:25:17 GMT | INFO | login.log | Invalid mobile no/email_id Or Password..! | 
Thu, 27 Jul 2023 11:21:45 GMT | INFO | login.log | Account not found, Please register | 
Mon, 31 Jul 2023 08:03:35 GMT | INFO | login.log | Invalid mobile no/email_id Or Password..! | 
Mon, 31 Jul 2023 08:03:38 GMT | INFO | login.log | Invalid mobile no/email_id Or Password..! | 
Wed, 02 Aug 2023 07:48:03 GMT | INFO | login.log | Invalid mobile no/email_id Or Password..! | 
Wed, 02 Aug 2023 07:48:12 GMT | INFO | login.log | Invalid mobile no/email_id Or Password..! | 
Wed, 02 Aug 2023 07:48:23 GMT | INFO | login.log | Invalid mobile no/email_id Or Password..! | 
Wed, 02 Aug 2023 09:53:24 GMT | INFO | login.log | Account not found, Please register | 
Wed, 02 Aug 2023 10:08:16 GMT | INFO | login.log | Invalid mobile no/email_id Or Password..! | 
Wed, 02 Aug 2023 10:08:51 GMT | INFO | login.log | Invalid mobile no/email_id Or Password..! | 
Mon, 11 Sep 2023 12:29:06 GMT | INFO | login.log | Invalid mobile no/email_id Or Password..! | 
Mon, 11 Sep 2023 12:44:50 GMT | INFO | login.log | Account not found, Please register | 
Mon, 11 Sep 2023 12:50:25 GMT | INFO | login.log | Invalid mobile no/email_id Or Password..! | 
Wed, 20 Sep 2023 07:22:14 GMT | INFO | login.log | Invalid mobile no/email_id Or Password..! | 
Wed, 20 Sep 2023 08:31:07 GMT | INFO | login.log | Invalid mobile no/email_id Or Password..! | 
Fri, 22 Sep 2023 10:06:17 GMT | INFO | login.log | Invalid mobile no/email_id Or Password..! | 
Wed, 04 Oct 2023 09:18:14 GMT | INFO | login.log | Invalid email_id Or Password..! | 
Wed, 04 Oct 2023 09:48:00 GMT | INFO | login.log | Invalid email_id Or Password..! | 
Fri, 06 Oct 2023 06:02:37 GMT | INFO | login.log | Invalid mobile no/email_id Or Password..! | 
Fri, 06 Oct 2023 06:59:21 GMT | INFO | login.log | Invalid mobile no/email_id Or Password..! | 
Fri, 06 Oct 2023 07:15:18 GMT | INFO | login.log | Invalid mobile no/email_id Or Password..! | 
Fri, 06 Oct 2023 07:34:04 GMT | INFO | login.log | Account not found, Please register | 
Fri, 06 Oct 2023 07:34:41 GMT | INFO | login.log | Account not found, Please register | 
Fri, 06 Oct 2023 07:34:44 GMT | INFO | login.log | Account not found, Please register | 
Fri, 06 Oct 2023 07:42:13 GMT | INFO | login.log | Invalid mobile no/email_id Or Password..! | 
Fri, 06 Oct 2023 07:42:14 GMT | INFO | login.log | Invalid mobile no/email_id Or Password..! | 
Fri, 06 Oct 2023 07:43:41 GMT | INFO | login.log | Invalid mobile no/email_id Or Password..! | 
Fri, 06 Oct 2023 07:44:23 GMT | INFO | login.log | Invalid mobile no/email_id Or Password..! | 
Fri, 06 Oct 2023 07:45:11 GMT | INFO | login.log | Account not found, Please register | 
Fri, 06 Oct 2023 07:47:12 GMT | INFO | login.log | Invalid mobile no/email_id Or Password..! | 
Fri, 06 Oct 2023 07:47:26 GMT | INFO | login.log | Invalid mobile no/email_id Or Password..! | 
Fri, 06 Oct 2023 13:55:44 GMT | INFO | login.log | Invalid mobile no/email_id Or Password..! | 
Mon, 09 Oct 2023 05:14:32 GMT | INFO | login.log | Account not found, Please register | 
Mon, 09 Oct 2023 12:38:52 GMT | INFO | login.log | Account not found, Please register | 
Mon, 09 Oct 2023 12:39:28 GMT | INFO | login.log | Account not found, Please register | 
Mon, 09 Oct 2023 12:39:44 GMT | INFO | login.log | Account not found, Please register | 
Tue, 10 Oct 2023 06:24:57 GMT | INFO | login.log | Account not found, Please register | 
Tue, 10 Oct 2023 06:39:59 GMT | INFO | login.log | Invalid mobile no/email_id Or Password..! | 
Tue, 10 Oct 2023 06:44:45 GMT | INFO | login.log | Invalid mobile no/email_id Or Password..! | 
Tue, 10 Oct 2023 06:44:57 GMT | INFO | login.log | Invalid mobile no/email_id Or Password..! | 
Tue, 10 Oct 2023 06:45:05 GMT | INFO | login.log | Invalid mobile no/email_id Or Password..! | 
Tue, 10 Oct 2023 06:48:34 GMT | INFO | login.log | Invalid mobile no/email_id Or Password..! | 
Tue, 10 Oct 2023 06:48:38 GMT | INFO | login.log | Invalid mobile no/email_id Or Password..! | 
Tue, 10 Oct 2023 06:59:56 GMT | INFO | login.log | Invalid mobile no/email_id Or Password..! | 
Tue, 10 Oct 2023 08:04:32 GMT | INFO | login.log | Invalid email_id Or Password..! | 
Tue, 10 Oct 2023 12:20:25 GMT | INFO | login.log | Invalid email_id Or Password..! | 
Tue, 10 Oct 2023 12:23:33 GMT | INFO | login.log | Invalid email_id Or Password..! | 
Tue, 10 Oct 2023 12:54:05 GMT | INFO | login.log | Invalid mobile no/email_id Or Password..! | 
Tue, 10 Oct 2023 12:54:35 GMT | INFO | login.log | Invalid mobile no/email_id Or Password..! | 
Wed, 11 Oct 2023 07:29:53 GMT | INFO | login.log | Invalid mobile no/email_id Or Password..! | 
Wed, 11 Oct 2023 07:30:04 GMT | INFO | login.log | Account not found, Please register | 
Wed, 11 Oct 2023 07:30:28 GMT | INFO | login.log | Invalid mobile no/email_id Or Password..! | 
Wed, 11 Oct 2023 12:46:25 GMT | INFO | login.log | Invalid mobile no/email_id Or Password..! | 
Wed, 11 Oct 2023 13:09:21 GMT | INFO | login.log | Account not found, Please register | 
Wed, 11 Oct 2023 13:27:13 GMT | INFO | login.log | Account not found, Please register | 
Thu, 12 Oct 2023 05:25:56 GMT | INFO | login.log | Invalid mobile no/email_id Or Password..! | 
Thu, 12 Oct 2023 05:26:31 GMT | INFO | login.log | Invalid mobile no/email_id Or Password..! | 
Wed, 18 Oct 2023 07:38:49 GMT | INFO | login.log | Invalid mobile no/email_id Or Password..! | 
Wed, 18 Oct 2023 07:42:16 GMT | INFO | login.log | Invalid mobile no/email_id Or Password..! | 
Wed, 18 Oct 2023 07:57:15 GMT | INFO | login.log | Invalid mobile no/email_id Or Password..! | 
Wed, 18 Oct 2023 14:17:58 GMT | INFO | login.log | Invalid mobile no/email_id Or Password..! | 
